This is pdfTeX, Version 3.141592653-2.6-1.40.25 (TeX Live 2023) (preloaded format=pdflatex 2023.7.25)  6 SEP 2023 18:38
entering extended mode
 restricted \write18 enabled.
 %&-line parsing enabled.
**refman
(./refman.tex
LaTeX2e <2022-11-01> patch level 1
L3 programming layer <2023-02-22>
(/usr/local/texlive/2023basic/texmf-dist/tex/latex/base/article.cls
Document Class: article 2022/07/02 v1.4n Standard LaTeX document class
(/usr/local/texlive/2023basic/texmf-dist/tex/latex/base/size10.clo
File: size10.clo 2022/07/02 v1.4n Standard LaTeX file (size option)
)
\c@part=\count185
\c@section=\count186
\c@subsection=\count187
\c@subsubsection=\count188
\c@paragraph=\count189
\c@subparagraph=\count190
\c@figure=\count191
\c@table=\count192
\abovecaptionskip=\skip48
\belowcaptionskip=\skip49
\bibindent=\dimen140
)
(/usr/local/texlive/2023basic/texmf-dist/tex/latex/base/ifthen.sty
Package: ifthen 2022/04/13 v1.1d Standard LaTeX ifthen package (DPC)
)
(/usr/local/texlive/2023basic/texmf-dist/tex/latex/tools/array.sty
Rollback for package 'array' requested -> date 2016-10-06.
         Best approximation is the release introduced on 2016-10-06.

(/usr/local/texlive/2023basic/texmf-dist/tex/latex/tools/array-2016-10-06.sty
Package: array 2016/10/06 v2.4d Tabular extension package (FMi)
\col@sep=\dimen141
\extrarowheight=\dimen142
\NC@list=\toks16
\extratabsurround=\skip50
\backup@length=\skip51
)) (/usr/local/texlive/2023basic/texmf-dist/tex/generic/infwarerr/infwarerr.sty
package info suppressed
)
(./doxygen.sty
Package: doxygen 

(/usr/local/texlive/2023basic/texmf-dist/tex/latex/base/alltt.sty
Package: alltt 2021/01/29 v2.0g defines alltt environment
)
(/usr/local/texlive/2023basic/texmf-dist/tex/latex/tools/calc.sty
Package: calc 2017/05/25 v4.3 Infix arithmetic (KKT,FJ)
\calc@Acount=\count193
\calc@Bcount=\count194
\calc@Adimen=\dimen143
\calc@Bdimen=\dimen144
\calc@Askip=\skip52
\calc@Bskip=\skip53
LaTeX Info: Redefining \setlength on input line 80.
LaTeX Info: Redefining \addtolength on input line 81.
\calc@Ccount=\count195
\calc@Cskip=\skip54
)
(/usr/local/texlive/2023basic/texmf-dist/tex/latex/float/float.sty
Package: float 2001/11/08 v1.3d Float enhancements (AL)
\c@float@type=\count196
\float@exts=\toks17
\float@box=\box51
\@float@everytoks=\toks18
\@floatcapt=\box52
)
(/usr/local/texlive/2023basic/texmf-dist/tex/latex/tools/verbatim.sty
Package: verbatim 2022-07-02 v1.5u LaTeX2e package for verbatim enhancements
\every@verbatim=\toks19
\verbatim@line=\toks20
\verbatim@in@stream=\read2
)
(/usr/local/texlive/2023basic/texmf-dist/tex/latex/xcolor/xcolor.sty
Package: xcolor 2022/06/12 v2.14 LaTeX color extensions (UK)

(/usr/local/texlive/2023basic/texmf-dist/tex/latex/graphics-cfg/color.cfg
File: color.cfg 2016/01/02 v1.6 sample color configuration
)
Package xcolor Info: Driver file: pdftex.def on input line 227.

(/usr/local/texlive/2023basic/texmf-dist/tex/latex/graphics-def/pdftex.def
File: pdftex.def 2022/09/22 v1.2b Graphics/color driver for pdftex
)
(/usr/local/texlive/2023basic/texmf-dist/tex/latex/colortbl/colortbl.sty
Package: colortbl 2022/06/20 v1.0f Color table columns (DPC)
\everycr=\toks21
\minrowclearance=\skip55
\rownum=\count197
)
(/usr/local/texlive/2023basic/texmf-dist/tex/latex/graphics/mathcolor.ltx)
Package xcolor Info: Model `cmy' substituted by `cmy0' on input line 1353.
Package xcolor Info: Model `hsb' substituted by `rgb' on input line 1357.
Package xcolor Info: Model `RGB' extended on input line 1369.
Package xcolor Info: Model `HTML' substituted by `rgb' on input line 1371.
Package xcolor Info: Model `Hsb' substituted by `hsb' on input line 1372.
Package xcolor Info: Model `tHsb' substituted by `hsb' on input line 1373.
Package xcolor Info: Model `HSB' substituted by `hsb' on input line 1374.
Package xcolor Info: Model `Gray' substituted by `gray' on input line 1375.
Package xcolor Info: Model `wave' substituted by `hsb' on input line 1376.
)
(./longtable_doxygen.sty
Package: longtable_doxygen 2014/10/28 v4.11 Multi-page Table package (DPC) - fr
ozen version for doxygen
\LTleft=\skip56
\LTright=\skip57
\LTpre=\skip58
\LTpost=\skip59
\LTchunksize=\count198
\LTcapwidth=\dimen145
\LT@head=\box53
\LT@firsthead=\box54
\LT@foot=\box55
\LT@lastfoot=\box56
\LT@cols=\count199
\LT@rows=\count266
\c@LT@tables=\count267
\c@LT@chunks=\count268
\LT@p@ftn=\toks22
) (./tabu_doxygen.sty
Package: tabu_doxygen 2011/02/26 v2.8 - flexible LaTeX tabulars (FC), frozen ve
rsion for doxygen

(/usr/local/texlive/2023basic/texmf-dist/tex/latex/varwidth/varwidth.sty
Package: varwidth 2009/03/30 ver 0.92;  Variable-width minipages
\@vwid@box=\box57
\sift@deathcycles=\count269
\@vwid@loff=\dimen146
\@vwid@roff=\dimen147
)
\c@taburow=\count270
\tabu@nbcols=\count271
\tabu@cnt=\count272
\tabu@Xcol=\count273
\tabu@alloc=\count274
\tabu@nested=\count275
\tabu@target=\dimen148
\tabu@spreadtarget=\dimen149
\tabu@naturalX=\dimen150
\tabucolX=\dimen151
\tabu@Xsum=\dimen152
\extrarowdepth=\dimen153
\abovetabulinesep=\dimen154
\belowtabulinesep=\dimen155
\tabustrutrule=\dimen156
\tabu@thebody=\toks23
\tabu@footnotes=\toks24
\tabu@box=\box58
\tabu@arstrutbox=\box59
\tabu@hleads=\box60
\tabu@vleads=\box61
\tabu@cellskip=\skip60
)
(/usr/local/texlive/2023basic/texmf-dist/tex/latex/fancyvrb/fancyvrb.sty
Package: fancyvrb 2023/01/19 4.5a verbatim text (tvz,hv)

(/usr/local/texlive/2023basic/texmf-dist/tex/latex/graphics/keyval.sty
Package: keyval 2022/05/29 v1.15 key=value parser (DPC)
\KV@toks@=\toks25
)
\FV@CodeLineNo=\count276
\FV@InFile=\read3
\FV@TabBox=\box62
\c@FancyVerbLine=\count277
\FV@StepNumber=\count278
\FV@OutFile=\write3
)
(/usr/local/texlive/2023basic/texmf-dist/tex/latex/tools/tabularx.sty
Package: tabularx 2020/01/15 v2.11c `tabularx' package (DPC)
\TX@col@width=\dimen157
\TX@old@table=\dimen158
\TX@old@col=\dimen159
\TX@target=\dimen160
\TX@delta=\dimen161
\TX@cols=\count279
\TX@ftn=\toks26
)
(/usr/local/texlive/2023basic/texmf-dist/tex/latex/tools/multicol.sty
Package: multicol 2021/11/30 v1.9d multicolumn formatting (FMi)
\c@tracingmulticols=\count280
\mult@box=\box63
\multicol@leftmargin=\dimen162
\c@unbalance=\count281
\c@collectmore=\count282
\doublecol@number=\count283
\multicoltolerance=\count284
\multicolpretolerance=\count285
\full@width=\dimen163
\page@free=\dimen164
\premulticols=\dimen165
\postmulticols=\dimen166
\multicolsep=\skip61
\multicolbaselineskip=\skip62
\partial@page=\box64
\last@line=\box65
\maxbalancingoverflow=\dimen167
\mult@rightbox=\box66
\mult@grightbox=\box67
\mult@firstbox=\box68
\mult@gfirstbox=\box69
\@tempa=\box70
\@tempa=\box71
\@tempa=\box72
\@tempa=\box73
\@tempa=\box74
\@tempa=\box75
\@tempa=\box76
\@tempa=\box77
\@tempa=\box78
\@tempa=\box79
\@tempa=\box80
\@tempa=\box81
\@tempa=\box82
\@tempa=\box83
\@tempa=\box84
\@tempa=\box85
\@tempa=\box86
\@tempa=\box87
\@tempa=\box88
\@tempa=\box89
\@tempa=\box90
\@tempa=\box91
\@tempa=\box92
\@tempa=\box93
\@tempa=\box94
\@tempa=\box95
\@tempa=\box96
\@tempa=\box97
\@tempa=\box98
\@tempa=\box99
\@tempa=\box100
\@tempa=\box101
\@tempa=\box102
\@tempa=\box103
\@tempa=\box104
\@tempa=\box105
\c@minrows=\count286
\c@columnbadness=\count287
\c@finalcolumnbadness=\count288
\last@try=\dimen168
\multicolovershoot=\dimen169
\multicolundershoot=\dimen170
\mult@nat@firstbox=\box106
\colbreak@box=\box107
\mc@col@check@num=\count289
)
(/usr/local/texlive/2023basic/texmf-dist/tex/latex/multirow/multirow.sty
Package: multirow 2021/03/15 v2.8 Span multiple rows of a table
\multirow@colwidth=\skip63
\multirow@cntb=\count290
\multirow@dima=\skip64
\bigstrutjot=\dimen171
)
(/usr/local/texlive/2023basic/texmf-dist/tex/latex/hanging/hanging.sty
Package: hanging 2009/09/02 v1.2b hanging paragraphs and punctuation
\h@ngcommawd=\skip65
\h@ngfstopwd=\skip66
\h@ngquotewd=\skip67
\h@ngdquotewd=\skip68
\h@ngquerywd=\skip69
\h@ngexclwd=\skip70
\h@ngcolonwd=\skip71
\h@ngscolonwd=\skip72
)
(/usr/local/texlive/2023basic/texmf-dist/tex/generic/iftex/ifpdf.sty
Package: ifpdf 2019/10/25 v3.4 ifpdf legacy package. Use iftex instead.

(/usr/local/texlive/2023basic/texmf-dist/tex/generic/iftex/iftex.sty
Package: iftex 2022/02/03 v1.0f TeX engine tests
))
(/usr/local/texlive/2023basic/texmf-dist/tex/latex/adjustbox/adjustbox.sty
Package: adjustbox 2022/10/17 v1.3a Adjusting TeX boxes (trim, clip, ...)

(/usr/local/texlive/2023basic/texmf-dist/tex/latex/xkeyval/xkeyval.sty
Package: xkeyval 2022/06/16 v2.9 package option processing (HA)

(/usr/local/texlive/2023basic/texmf-dist/tex/generic/xkeyval/xkeyval.tex
(/usr/local/texlive/2023basic/texmf-dist/tex/generic/xkeyval/xkvutils.tex
\XKV@toks=\toks27
\XKV@tempa@toks=\toks28
)
\XKV@depth=\count291
File: xkeyval.tex 2014/12/03 v2.7a key=value parser (HA)
))
(/usr/local/texlive/2023basic/texmf-dist/tex/latex/adjustbox/adjcalc.sty
Package: adjcalc 2012/05/16 v1.1 Provides advanced setlength with multiple back
-ends (calc, etex, pgfmath)
)
(/usr/local/texlive/2023basic/texmf-dist/tex/latex/adjustbox/trimclip.sty
Package: trimclip 2020/08/19 v1.2 Trim and clip general TeX material

(/usr/local/texlive/2023basic/texmf-dist/tex/latex/graphics/graphicx.sty
Package: graphicx 2021/09/16 v1.2d Enhanced LaTeX Graphics (DPC,SPQR)

(/usr/local/texlive/2023basic/texmf-dist/tex/latex/graphics/graphics.sty
Package: graphics 2022/03/10 v1.4e Standard LaTeX Graphics (DPC,SPQR)

(/usr/local/texlive/2023basic/texmf-dist/tex/latex/graphics/trig.sty
Package: trig 2021/08/11 v1.11 sin cos tan (DPC)
)
(/usr/local/texlive/2023basic/texmf-dist/tex/latex/graphics-cfg/graphics.cfg
File: graphics.cfg 2016/06/04 v1.11 sample graphics configuration
)
Package graphics Info: Driver file: pdftex.def on input line 107.
)
\Gin@req@height=\dimen172
\Gin@req@width=\dimen173
) (/usr/local/texlive/2023basic/texmf-dist/tex/latex/collectbox/collectbox.sty
Package: collectbox 2022/10/17 v0.4c Collect macro arguments as boxes
\collectedbox=\box108
)
\tc@llx=\dimen174
\tc@lly=\dimen175
\tc@urx=\dimen176
\tc@ury=\dimen177
Package trimclip Info: Using driver 'tc-pdftex.def'.

(/usr/local/texlive/2023basic/texmf-dist/tex/latex/adjustbox/tc-pdftex.def
File: tc-pdftex.def 2019/01/04 v2.2 Clipping driver for pdftex
))
\adjbox@Width=\dimen178
\adjbox@Height=\dimen179
\adjbox@Depth=\dimen180
\adjbox@Totalheight=\dimen181
\adjbox@pwidth=\dimen182
\adjbox@pheight=\dimen183
\adjbox@pdepth=\dimen184
\adjbox@ptotalheight=\dimen185

(/usr/local/texlive/2023basic/texmf-dist/tex/latex/ifoddpage/ifoddpage.sty
Package: ifoddpage 2022/10/18 v1.2 Conditionals for odd/even page detection
\c@checkoddpage=\count292
))
(/usr/local/texlive/2023basic/texmf-dist/tex/latex/amsfonts/amssymb.sty
Package: amssymb 2013/01/14 v3.01 AMS font symbols

(/usr/local/texlive/2023basic/texmf-dist/tex/latex/amsfonts/amsfonts.sty
Package: amsfonts 2013/01/14 v3.01 Basic AMSFonts support
\@emptytoks=\toks29
\symAMSa=\mathgroup4
\symAMSb=\mathgroup5
LaTeX Font Info:    Redeclaring math symbol \hbar on input line 98.
LaTeX Font Info:    Overwriting math alphabet `\mathfrak' in version `bold'
(Font)                  U/euf/m/n --> U/euf/b/n on input line 106.
))
(/usr/local/texlive/2023basic/texmf-dist/tex/latex/stackengine/stackengine.sty
Package: stackengine 2021/07/22 v4.11\ Stacking text and objects in convenient 
ways

(/usr/local/texlive/2023basic/texmf-dist/tex/latex/etoolbox/etoolbox.sty
Package: etoolbox 2020/10/05 v2.5k e-TeX tools for LaTeX (JAW)
\etb@tempcnta=\count293
)
(/usr/local/texlive/2023basic/texmf-dist/tex/generic/listofitems/listofitems.st
y
(/usr/local/texlive/2023basic/texmf-dist/tex/generic/listofitems/listofitems.te
x
\loi_cnt_foreach_nest=\count294
\loi_nestcnt=\count295
)
Package: listofitems 2019/08/21 v1.63 Grab items in lists using user-specified 
sep char (CT)
)
\c@@stackindex=\count296
\@boxshift=\skip73
\stack@tmplength=\skip74
\temp@stkl=\skip75
\@stackedboxwidth=\skip76
\@addedbox=\box109
\@anchorbox=\box110
\@insetbox=\box111
\se@backgroundbox=\box112
\stackedbox=\box113
\@centerbox=\box114
\c@ROWcellindex@=\count297
) (/usr/local/texlive/2023basic/texmf-dist/tex/latex/enumitem/enumitem.sty
Package: enumitem 2019/06/20 v3.9 Customized lists
\labelindent=\skip77
\enit@outerparindent=\dimen186
\enit@toks=\toks30
\enit@inbox=\box115
\enit@count@id=\count298
\enitdp@description=\count299
)
(/usr/local/texlive/2023basic/texmf-dist/tex/generic/alphalph/alphalph.sty
Package: alphalph 2019/12/09 v2.6 Convert numbers to letters (HO)

(/usr/local/texlive/2023basic/texmf-dist/tex/generic/intcalc/intcalc.sty
Package: intcalc 2019/12/15 v1.3 Expandable calculations with integers (HO)
))
(/usr/local/texlive/2023basic/texmf-dist/tex/generic/ulem/ulem.sty
\UL@box=\box116
\UL@hyphenbox=\box117
\UL@skip=\skip78
\UL@hook=\toks31
\UL@height=\dimen187
\UL@pe=\count300
\UL@pixel=\dimen188
\ULC@box=\box118
Package: ulem 2019/11/18
\ULdepth=\dimen189
)
\xrefbox=\box119
\xreflength=\skip79
\CodeWidthChar=\skip80
\CodeHeightChar=\skip81
\DoxyCodeWidth=\skip82
\c@DoxyEnumeratei=\count301
\c@DoxyEnumerateii=\count302
\c@DoxyEnumerateiii=\count303
\c@DoxyEnumerateiv=\count304
\c@DoxyEnumeratev=\count305
\c@DoxyEnumeratevi=\count306
\c@DoxyEnumeratevii=\count307
\c@DoxyEnumerateviii=\count308
\c@DoxyEnumerateix=\count309
\c@DoxyEnumeratex=\count310
\c@DoxyEnumeratexi=\count311
\c@DoxyEnumeratexii=\count312
\enitdp@DoxyEnumerate=\count313
\enitdp@DoxyItemize=\count314
\c@subsubsubsection=\count315
\c@subsubsubsubsection=\count316
\c@subsubsubsubsubsection=\count317
\c@subsubsubsubsubsubsection=\count318
)
(/usr/local/texlive/2023basic/texmf-dist/tex/latex/base/inputenc.sty
Package: inputenc 2021/02/14 v1.3d Input encoding file
\inpenc@prehook=\toks32
\inpenc@posthook=\toks33
)
(/usr/local/texlive/2023basic/texmf-dist/tex/latex/base/makeidx.sty
Package: makeidx 2021/10/04 v1.0m Standard LaTeX package
)
(/usr/local/texlive/2023basic/texmf-dist/tex/latex/base/textcomp.sty
Package: textcomp 2020/02/02 v2.0n Standard LaTeX package
)
(/usr/local/texlive/2023basic/texmf-dist/tex/latex/wasysym/wasysym.sty
Package: wasysym 2020/01/19 v2.4 Wasy-2 symbol support package
\symwasy=\mathgroup6
LaTeX Font Info:    Overwriting symbol font `wasy' in version `bold'
(Font)                  U/wasy/m/n --> U/wasy/b/n on input line 93.
)
(/usr/local/texlive/2023basic/texmf-dist/tex/generic/iftex/ifxetex.sty
Package: ifxetex 2019/10/25 v0.7 ifxetex legacy package. Use iftex instead.
)
(/usr/local/texlive/2023basic/texmf-dist/tex/latex/base/fontenc.sty
Package: fontenc 2021/04/29 v2.0v Standard LaTeX package
)
(/usr/local/texlive/2023basic/texmf-dist/tex/latex/psnfss/helvet.sty
Package: helvet 2020/03/25 PSNFSS-v9.3 (WaS) 
)
(/usr/local/texlive/2023basic/texmf-dist/tex/latex/psnfss/courier.sty
Package: courier 2020/03/25 PSNFSS-v9.3 (WaS) 
)
(/usr/local/texlive/2023basic/texmf-dist/tex/latex/geometry/geometry.sty
Package: geometry 2020/01/02 v5.9 Page Geometry

(/usr/local/texlive/2023basic/texmf-dist/tex/generic/iftex/ifvtex.sty
Package: ifvtex 2019/10/25 v1.7 ifvtex legacy package. Use iftex instead.
)
\Gm@cnth=\count319
\Gm@cntv=\count320
\c@Gm@tempcnt=\count321
\Gm@bindingoffset=\dimen190
\Gm@wd@mp=\dimen191
\Gm@odd@mp=\dimen192
\Gm@even@mp=\dimen193
\Gm@layoutwidth=\dimen194
\Gm@layoutheight=\dimen195
\Gm@layouthoffset=\dimen196
\Gm@layoutvoffset=\dimen197
\Gm@dimlist=\toks34
)
(/usr/local/texlive/2023basic/texmf-dist/tex/latex/changepage/changepage.sty
Package: changepage 2009/10/20 v1.0c check page and change page layout
\c@cp@cntr=\count322
\cp@tempcnt=\count323
LaTeX Info: Redefining \checkoddpage on input line 59.
)
(/usr/local/texlive/2023basic/texmf-dist/tex/latex/fancyhdr/fancyhdr.sty
Package: fancyhdr 2022/11/09 v4.1 Extensive control of page headers and footers

\f@nch@headwidth=\skip83
\f@nch@O@elh=\skip84
\f@nch@O@erh=\skip85
\f@nch@O@olh=\skip86
\f@nch@O@orh=\skip87
\f@nch@O@elf=\skip88
\f@nch@O@erf=\skip89
\f@nch@O@olf=\skip90
\f@nch@O@orf=\skip91
)
(/usr/local/texlive/2023basic/texmf-dist/tex/latex/natbib/natbib.sty
Package: natbib 2010/09/13 8.31b (PWD, AO)
\bibhang=\skip92
\bibsep=\skip93
LaTeX Info: Redefining \cite on input line 694.
\c@NAT@ctr=\count324
)
(/usr/local/texlive/2023basic/texmf-dist/tex/latex/tocloft/tocloft.sty
Package: tocloft 2017/08/31 v2.3i parameterised ToC, etc., typesetting
Package tocloft Info: The document has section divisions on input line 51.
\cftparskip=\skip94
\cftbeforetoctitleskip=\skip95
\cftaftertoctitleskip=\skip96
\cftbeforepartskip=\skip97
\cftpartnumwidth=\skip98
\cftpartindent=\skip99
\cftbeforesecskip=\skip100
\cftsecindent=\skip101
\cftsecnumwidth=\skip102
\cftbeforesubsecskip=\skip103
\cftsubsecindent=\skip104
\cftsubsecnumwidth=\skip105
\cftbeforesubsubsecskip=\skip106
\cftsubsubsecindent=\skip107
\cftsubsubsecnumwidth=\skip108
\cftbeforeparaskip=\skip109
\cftparaindent=\skip110
\cftparanumwidth=\skip111
\cftbeforesubparaskip=\skip112
\cftsubparaindent=\skip113
\cftsubparanumwidth=\skip114
\cftbeforeloftitleskip=\skip115
\cftafterloftitleskip=\skip116
\cftbeforefigskip=\skip117
\cftfigindent=\skip118
\cftfignumwidth=\skip119
\c@lofdepth=\count325
\c@lotdepth=\count326
\cftbeforelottitleskip=\skip120
\cftafterlottitleskip=\skip121
\cftbeforetabskip=\skip122
\cfttabindent=\skip123
\cfttabnumwidth=\skip124
)
\@indexfile=\write4
\openout4 = `refman.idx'.


Writing index file refman.idx

(/usr/local/texlive/2023basic/texmf-dist/tex/latex/newunicodechar/newunicodecha
r.sty
Package: newunicodechar 2018/04/08 v1.2 Defining Unicode characters
) (/usr/local/texlive/2023basic/texmf-dist/tex/latex/hyperref/hyperref.sty
Package: hyperref 2023-02-07 v7.00v Hypertext links for LaTeX
(/usr/local/texlive/2023basic/texmf-dist/tex/generic/ltxcmds/ltxcmds.sty
Package: ltxcmds 2020-05-10 v1.25 LaTeX kernel commands for general use (HO)
)
(/usr/local/texlive/2023basic/texmf-dist/tex/generic/pdftexcmds/pdftexcmds.sty
Package: pdftexcmds 2020-06-27 v0.33 Utility functions of pdfTeX for LuaTeX (HO
)
Package pdftexcmds Info: \pdf@primitive is available.
Package pdftexcmds Info: \pdf@ifprimitive is available.
Package pdftexcmds Info: \pdfdraftmode found.
) (/usr/local/texlive/2023basic/texmf-dist/tex/latex/kvsetkeys/kvsetkeys.sty
Package: kvsetkeys 2022-10-05 v1.19 Key value parser (HO)
)
(/usr/local/texlive/2023basic/texmf-dist/tex/generic/kvdefinekeys/kvdefinekeys.
sty
Package: kvdefinekeys 2019-12-19 v1.6 Define keys (HO)
)
(/usr/local/texlive/2023basic/texmf-dist/tex/generic/pdfescape/pdfescape.sty
Package: pdfescape 2019/12/09 v1.15 Implements pdfTeX's escape features (HO)
)
(/usr/local/texlive/2023basic/texmf-dist/tex/latex/hycolor/hycolor.sty
Package: hycolor 2020-01-27 v1.10 Color options for hyperref/bookmark (HO)
)
(/usr/local/texlive/2023basic/texmf-dist/tex/latex/letltxmacro/letltxmacro.sty
Package: letltxmacro 2019/12/03 v1.6 Let assignment for LaTeX macros (HO)
) (/usr/local/texlive/2023basic/texmf-dist/tex/latex/auxhook/auxhook.sty
Package: auxhook 2019-12-17 v1.6 Hooks for auxiliary files (HO)
)
(/usr/local/texlive/2023basic/texmf-dist/tex/latex/hyperref/nameref.sty
Package: nameref 2022-05-17 v2.50 Cross-referencing by name of section

(/usr/local/texlive/2023basic/texmf-dist/tex/latex/refcount/refcount.sty
Package: refcount 2019/12/15 v3.6 Data extraction from label references (HO)
)
(/usr/local/texlive/2023basic/texmf-dist/tex/generic/gettitlestring/gettitlestr
ing.sty
Package: gettitlestring 2019/12/15 v1.6 Cleanup title references (HO)

(/usr/local/texlive/2023basic/texmf-dist/tex/latex/kvoptions/kvoptions.sty
Package: kvoptions 2022-06-15 v3.15 Key value format for package options (HO)
))
\c@section@level=\count327
)
\@linkdim=\dimen198
\Hy@linkcounter=\count328
\Hy@pagecounter=\count329

(/usr/local/texlive/2023basic/texmf-dist/tex/latex/hyperref/pd1enc.def
File: pd1enc.def 2023-02-07 v7.00v Hyperref: PDFDocEncoding definition (HO)
Now handling font encoding PD1 ...
... no UTF-8 mapping file for font encoding PD1
)
(/usr/local/texlive/2023basic/texmf-dist/tex/generic/etexcmds/etexcmds.sty
Package: etexcmds 2019/12/15 v1.7 Avoid name clashes with e-TeX commands (HO)
)
\Hy@SavedSpaceFactor=\count330

(/usr/local/texlive/2023basic/texmf-dist/tex/latex/hyperref/puenc.def
File: puenc.def 2023-02-07 v7.00v Hyperref: PDF Unicode definition (HO)
Now handling font encoding PU ...
... no UTF-8 mapping file for font encoding PU
)
Package hyperref Info: Hyper figures OFF on input line 4177.
Package hyperref Info: Link nesting OFF on input line 4182.
Package hyperref Info: Hyper index ON on input line 4185.
Package hyperref Info: Plain pages OFF on input line 4192.
Package hyperref Info: Backreferencing ON on input line 4195.
Package hyperref Info: Implicit mode ON; LaTeX internals redefined.
Package hyperref Info: Bookmarks ON on input line 4425.

(/usr/local/texlive/2023basic/texmf-dist/tex/latex/hyperref/backref.sty
Package: backref 2021/02/04 v1.41 Bibliographical back referencing

(/usr/local/texlive/2023basic/texmf-dist/tex/latex/rerunfilecheck/rerunfilechec
k.sty
Package: rerunfilecheck 2022-07-10 v1.10 Rerun checks for auxiliary files (HO)
 (/usr/local/texlive/2023basic/texmf-dist/tex/latex/base/atveryend-ltx.sty
Package: atveryend-ltx 2020/08/19 v1.0a Emulation of the original atveryend pac
kage
with kernel methods
)
(/usr/local/texlive/2023basic/texmf-dist/tex/generic/uniquecounter/uniquecounte
r.sty
Package: uniquecounter 2019/12/15 v1.4 Provide unlimited unique counter (HO)

(/usr/local/texlive/2023basic/texmf-dist/tex/generic/bigintcalc/bigintcalc.sty
Package: bigintcalc 2019/12/15 v1.5 Expandable calculations on big integers (HO
)
))
Package uniquecounter Info: New unique counter `rerunfilecheck' on input line 2
85.
))
\c@Hy@tempcnt=\count331
 (/usr/local/texlive/2023basic/texmf-dist/tex/latex/url/url.sty
\Urlmuskip=\muskip16
Package: url 2013/09/16  ver 3.4  Verb mode for urls, etc.
)
LaTeX Info: Redefining \url on input line 4763.
\XeTeXLinkMargin=\dimen199

(/usr/local/texlive/2023basic/texmf-dist/tex/generic/bitset/bitset.sty
Package: bitset 2019/12/09 v1.3 Handle bit-vector datatype (HO)
)
\Fld@menulength=\count332
\Field@Width=\dimen256
\Fld@charsize=\dimen257
Package hyperref Info: Hyper figures OFF on input line 6042.
Package hyperref Info: Link nesting OFF on input line 6047.
Package hyperref Info: Hyper index ON on input line 6050.
Package hyperref Info: backreferencing ON on input line 6055.
Package hyperref Info: Link coloring OFF on input line 6062.
Package hyperref Info: Link coloring with OCG OFF on input line 6067.
Package hyperref Info: PDF/A mode OFF on input line 6072.

(/usr/local/texlive/2023basic/texmf-dist/tex/latex/base/atbegshi-ltx.sty
Package: atbegshi-ltx 2021/01/10 v1.0c Emulation of the original atbegshi
package with kernel methods
)
\Hy@abspage=\count333
\c@Item=\count334
\c@Hfootnote=\count335
)
Package hyperref Info: Driver: hpdftex.

(/usr/local/texlive/2023basic/texmf-dist/tex/latex/hyperref/hpdftex.def
File: hpdftex.def 2023-02-07 v7.00v Hyperref driver for pdfTeX
\Fld@listcount=\count336
\c@bookmark@seq@number=\count337
\Hy@SectionHShift=\skip125
)
Package hyperref Info: Option `colorlinks' set `true' on input line 159.
Package hyperref Info: Option `unicode' set `true' on input line 159.

(/usr/local/texlive/2023basic/texmf-dist/tex/latex/caption/caption.sty
Package: caption 2023/03/12 v3.6j Customizing captions (AR)

(/usr/local/texlive/2023basic/texmf-dist/tex/latex/caption/caption3.sty
Package: caption3 2023/03/12 v2.4 caption3 kernel (AR)
\caption@tempdima=\dimen258
\captionmargin=\dimen259
\caption@leftmargin=\dimen260
\caption@rightmargin=\dimen261
\caption@width=\dimen262
\caption@indent=\dimen263
\caption@parindent=\dimen264
\caption@hangindent=\dimen265
Package caption Info: Standard document class detected.
)
\c@caption@flags=\count338
\c@continuedfloat=\count339
Package caption Info: changepage package is loaded.
\caption@adjustwidth@hsize=\dimen266
\caption@adjustwidth@linewidth=\dimen267
Package caption Info: float package is loaded.
Package caption Info: hyperref package is loaded.
Package caption Info: longtable package is loaded.

(/usr/local/texlive/2023basic/texmf-dist/tex/latex/caption/ltcaption.sty
Package: ltcaption 2021/01/08 v1.4c longtable captions (AR)
))
(./etoc_doxygen.sty
Package: etoc_doxygen 2023/05/01 v1.2a Completely customisable TOCs (JFB)
\Etoc@toctoks=\toks35
\c@etoc@tocid=\count340
\etoc@framed@titlebox=\box120
\etoc@framed@contentsbox=\box121
)
LaTeX Font Info:    Trying to load font information for T1+phv on input line 18
1.

(/usr/local/texlive/2023basic/texmf-dist/tex/latex/psnfss/t1phv.fd
File: t1phv.fd 2020/03/25 scalable font definitions for T1/phv.
)
LaTeX Font Info:    Font shape `T1/phv/m/n' will be
(Font)              scaled to size 8.99994pt on input line 181.

(/usr/local/texlive/2023basic/texmf-dist/tex/latex/l3backend/l3backend-pdftex.d
ef
File: l3backend-pdftex.def 2023-01-16 L3 backend support: PDF output (pdfTeX)
\l__color_backend_stack_int=\count341
\l__pdf_internal_box=\box122
) (./refman.aux

LaTeX Warning: Label `group__spi_ga0565bbebf93588bd01edaceb0aa3c439' multiply d
efined.


LaTeX Warning: Label `group__spi_ga346792b431b9d8552719cad50963c8d2' multiply d
efined.


LaTeX Warning: Label `group__spi_gacfb024bc25d22090151672bd94578f02' multiply d
efined.


LaTeX Warning: Label `group__spi_ga49a7a9f52181391f13e59dc23c562456' multiply d
efined.


LaTeX Warning: Label `group__spi_gadc3cc3688a7a13463d90aad4e861e525' multiply d
efined.


LaTeX Warning: Label `group__spi_ga97f9f5cc546b1896703fe63289b4fd3d' multiply d
efined.


LaTeX Warning: Label `group__spi_ga66c2da689e55a46d87cb2a896ebfd440' multiply d
efined.


LaTeX Warning: Label `group__uart_ga0bdd7d3b2e41fd447c72b362bee19e2e' multiply 
defined.


LaTeX Warning: Label `group__uart_ga62f1690ef2c273b5e727de8445cfa8a8' multiply 
defined.


LaTeX Warning: Label `group__uart_ga2e29d5f6cf5f8d37d71f890249360b0e' multiply 
defined.


LaTeX Warning: Label `group__uart_gae848306e99ce5047fee4c920841f5f57' multiply 
defined.


LaTeX Warning: Label `group__spi_ga99fb83031ce9923c84392b4e92f956b5' multiply d
efined.

)
\openout1 = `refman.aux'.

LaTeX Font Info:    Checking defaults for OML/cmm/m/it on input line 181.
LaTeX Font Info:    ... okay on input line 181.
LaTeX Font Info:    Checking defaults for OMS/cmsy/m/n on input line 181.
LaTeX Font Info:    ... okay on input line 181.
LaTeX Font Info:    Checking defaults for OT1/cmr/m/n on input line 181.
LaTeX Font Info:    ... okay on input line 181.
LaTeX Font Info:    Checking defaults for T1/cmr/m/n on input line 181.
LaTeX Font Info:    ... okay on input line 181.
LaTeX Font Info:    Checking defaults for TS1/cmr/m/n on input line 181.
LaTeX Font Info:    ... okay on input line 181.
LaTeX Font Info:    Checking defaults for OMX/cmex/m/n on input line 181.
LaTeX Font Info:    ... okay on input line 181.
LaTeX Font Info:    Checking defaults for U/cmr/m/n on input line 181.
LaTeX Font Info:    ... okay on input line 181.
LaTeX Font Info:    Checking defaults for PD1/pdf/m/n on input line 181.
LaTeX Font Info:    ... okay on input line 181.
LaTeX Font Info:    Checking defaults for PU/pdf/m/n on input line 181.
LaTeX Font Info:    ... okay on input line 181.
 (/usr/local/texlive/2023basic/texmf-dist/tex/context/base/mkii/supp-pdf.mkii
[Loading MPS to PDF converter (version 2006.09.02).]
\scratchcounter=\count342
\scratchdimen=\dimen268
\scratchbox=\box123
\nofMPsegments=\count343
\nofMParguments=\count344
\everyMPshowfont=\toks36
\MPscratchCnt=\count345
\MPscratchDim=\dimen269
\MPnumerator=\count346
\makeMPintoPDFobject=\count347
\everyMPtoPDFconversion=\toks37
)
(/usr/local/texlive/2023basic/texmf-dist/tex/latex/epstopdf-pkg/epstopdf-base.s
ty
Package: epstopdf-base 2020-01-24 v2.11 Base part for package epstopdf
Package epstopdf-base Info: Redefining graphics rule for `.eps' on input line 4
85.

(/usr/local/texlive/2023basic/texmf-dist/tex/latex/latexconfig/epstopdf-sys.cfg
File: epstopdf-sys.cfg 2010/07/13 v1.3 Configuration of (r)epstopdf for TeX Liv
e
))
*geometry* driver: auto-detecting
*geometry* detected driver: pdftex
*geometry* verbose mode - [ preamble ] result:
* driver: pdftex
* paper: a4paper
* layout: <same size as paper>
* layoutoffset:(h,v)=(0.0pt,0.0pt)
* modes: twoside 
* h-part:(L,W,R)=(71.13188pt, 455.24411pt, 71.13188pt)
* v-part:(T,H,B)=(71.13188pt, 702.78308pt, 71.13188pt)
* \paperwidth=597.50787pt
* \paperheight=845.04684pt
* \textwidth=455.24411pt
* \textheight=702.78308pt
* \oddsidemargin=-1.1381pt
* \evensidemargin=-1.1381pt
* \topmargin=-38.1381pt
* \headheight=12.0pt
* \headsep=25.0pt
* \topskip=10.0pt
* \footskip=30.0pt
* \marginparwidth=121.0pt
* \marginparsep=11.0pt
* \columnsep=10.0pt
* \skip\footins=9.0pt plus 4.0pt minus 2.0pt
* \hoffset=0.0pt
* \voffset=0.0pt
* \mag=1000
* \@twocolumnfalse
* \@twosidetrue
* \@mparswitchtrue
* \@reversemarginfalse
* (1in=72.27pt=25.4mm, 1cm=28.453pt)

Package backref Info: ** backref set up for natbib ** on input line 181.
Package hyperref Info: Link coloring ON on input line 181.
(./refman.out) (./refman.out)
\@outlinefile=\write5
\openout5 = `refman.out'.

Package caption Info: Begin \AtBeginDocument code.
Package caption Info: End \AtBeginDocument code.
\Etoc@tf=\read4
Package hyperref Info: Option `pageanchor' set `false' on input line 189.
Package hyperref Info: Option `bookmarksnumbered' set `true' on input line 189.

Package hyperref Info: Option `unicode' set `true' on input line 189.
LaTeX Font Info:    Font shape `T1/phv/m/n' will be
(Font)              scaled to size 12.9599pt on input line 194.
LaTeX Font Info:    Font shape `T1/phv/m/n' will be
(Font)              scaled to size 6.29996pt on input line 194.
LaTeX Font Info:    Trying to load font information for U+msa on input line 194
.

(/usr/local/texlive/2023basic/texmf-dist/tex/latex/amsfonts/umsa.fd
File: umsa.fd 2013/01/14 v3.01 AMS symbols A
)
LaTeX Font Info:    Trying to load font information for U+msb on input line 194
.

(/usr/local/texlive/2023basic/texmf-dist/tex/latex/amsfonts/umsb.fd
File: umsb.fd 2013/01/14 v3.01 AMS symbols B
)
LaTeX Font Info:    Trying to load font information for U+wasy on input line 19
4.

(/usr/local/texlive/2023basic/texmf-dist/tex/latex/wasysym/uwasy.fd
File: uwasy.fd 2020/01/19 v2.4 Wasy-2 symbol font definitions
)
LaTeX Font Info:    Font shape `T1/phv/m/n' will be
(Font)              scaled to size 10.79993pt on input line 196.
 [1

{/usr/local/texlive/2023basic/texmf-var/fonts/map/pdftex/updmap/pdftex.map}{/us
r/local/texlive/2023basic/texmf-dist/fonts/enc/dvips/base/8r.enc}]
\tf@toc=\write6
\openout6 = `refman.toc'.

LaTeX Font Info:    Font shape `T1/phv/b/n' will be
(Font)              scaled to size 8.99994pt on input line 201.
LaTeX Font Info:    Font shape `T1/phv/b/n' will be
(Font)              scaled to size 6.29996pt on input line 201.
 [1] [2]
Package hyperref Info: Option `pageanchor' set `true' on input line 203.
LaTeX Font Info:    Font shape `T1/phv/b/n' will be
(Font)              scaled to size 12.9599pt on input line 205.

(./modules.tex
LaTeX Font Info:    Font shape `T1/phv/b/n' will be
(Font)              scaled to size 10.79993pt on input line 1.
 [1]) (./annotated.tex) (./files.tex [2]
LaTeX Font Info:    Trying to load font information for TS1+phv on input line 1
9.

(/usr/local/texlive/2023basic/texmf-dist/tex/latex/psnfss/ts1phv.fd
File: ts1phv.fd 2020/03/25 scalable font definitions for TS1/phv.
)
LaTeX Font Info:    Font shape `TS1/phv/b/n' will be
(Font)              scaled to size 8.99994pt on input line 19.
 [3])
(./group__driver.tex <./group__driver.pdf>
<group__driver.pdf, id=715, 339.2675pt x 443.6575pt>
File: group__driver.pdf Graphic file (type pdf)
<use group__driver.pdf>
Package pdftex.def Info: group__driver.pdf  used on input line 8.
(pdftex.def)             Requested size: 338.0pt x 442.01814pt.
 [4]
LaTeX Font Info:    Font shape `TS1/phv/m/n' will be
(Font)              scaled to size 8.99994pt on input line 14.
 (./group__adc.tex [5] <./group__adc.pdf>
<group__adc.pdf, id=776, 339.2675pt x 111.41624pt>
File: group__adc.pdf Graphic file (type pdf)
<use group__adc.pdf>
Package pdftex.def Info: group__adc.pdf  used on input line 8.
(pdftex.def)             Requested size: 338.0pt x 111.00455pt.
LaTeX Font Info:    Font shape `T1/phv/m/n' will be
(Font)              scaled to size 8.09995pt on input line 15.
LaTeX Font Info:    Font shape `T1/phv/m/it' in size <9> not available
(Font)              Font shape `T1/phv/m/sl' tried instead on input line 15.
LaTeX Font Info:    Font shape `T1/phv/m/sl' will be
(Font)              scaled to size 8.09995pt on input line 15.
LaTeX Font Info:    Font shape `T1/phv/m/n' will be
(Font)              scaled to size 7.19995pt on input line 52.
LaTeX Font Info:    Trying to load font information for T1+pcr on input line 52
.
 (/usr/local/texlive/2023basic/texmf-dist/tex/latex/psnfss/t1pcr.fd
File: t1pcr.fd 2001/06/04 font definitions for T1/pcr.
)
LaTeX Font Info:    Font shape `T1/pcr/m/it' in size <8> not available
(Font)              Font shape `T1/pcr/m/sl' tried instead on input line 52.
LaTeX Font Info:    Font shape `T1/pcr/m/it' in size <7> not available
(Font)              Font shape `T1/pcr/m/sl' tried instead on input line 52.

[6]
Underfull \hbox (badness 10000) detected at line 63
[][][]
 []


Underfull \hbox (badness 10000) detected at line 73
[][][]
 []

) (./group__gpio.tex <./group__gpio.pdf>
<group__gpio.pdf, id=816, 238.8925pt x 99.37125pt>
File: group__gpio.pdf Graphic file (type pdf)
<use group__gpio.pdf>
Package pdftex.def Info: group__gpio.pdf  used on input line 8.
(pdftex.def)             Requested size: 238.0pt x 98.99951pt.
LaTeX Font Info:    Font shape `TS1/phv/m/it' in size <9> not available
(Font)              Font shape `TS1/phv/m/sl' tried instead on input line 17.
LaTeX Font Info:    Font shape `TS1/phv/m/sl' will be
(Font)              scaled to size 8.09995pt on input line 17.
 [7] [8] [9]) (./group__ili9341.tex <./group__ili9341.pdf>
<group__ili9341.pdf, id=884, 246.9225pt x 99.37125pt>
File: group__ili9341.pdf Graphic file (type pdf)
<use group__ili9341.pdf>
Package pdftex.def Info: group__ili9341.pdf  used on input line 8.
(pdftex.def)             Requested size: 246.0pt x 98.99951pt.
 [10]
LaTeX Font Info:    Font shape `T1/pcr/m/it' in size <9> not available
(Font)              Font shape `T1/pcr/m/sl' tried instead on input line 119.
 [11] [12] [13] [14] [15] [16] [17] [18])
(./group__led.tex
Overfull \hbox (66.69417pt too wide) in paragraph at lines 531--1
[]\T1/phv/m/n/10 Should be called af-ter set-ting the row ([]) and/or and/or co
l-umn ([])
 []

[19] <./group__led.pdf>
<group__led.pdf, id=1068, 233.87375pt x 99.37125pt>
File: group__led.pdf Graphic file (type pdf)
<use group__led.pdf>
Package pdftex.def Info: group__led.pdf  used on input line 8.
(pdftex.def)             Requested size: 233.0pt x 99.00557pt.
 [20] [21]) (./group__pll.tex <./group__pll.pdf>
<group__pll.pdf, id=1152, 327.2225pt x 99.37125pt>
File: group__pll.pdf Graphic file (type pdf)
<use group__pll.pdf>
Package pdftex.def Info: group__pll.pdf  used on input line 8.
(pdftex.def)             Requested size: 326.0pt x 98.99951pt.

[22]) (./group__spi.tex <./group__spi.pdf>
<group__spi.pdf, id=1185, 327.2225pt x 111.41624pt>
File: group__spi.pdf Graphic file (type pdf)
<use group__spi.pdf>
Package pdftex.def Info: group__spi.pdf  used on input line 8.
(pdftex.def)             Requested size: 326.0pt x 110.99945pt.
 [23]
Underfull \hbox (badness 2351) in paragraph at lines 100--100
[]\T1/phv/m/sl/9 Start writ-ing data to the Tx FIFO. Should be used af-ter 1+ c
alls to [] and/or
 []

[24
pdfTeX warning (ext4): destination with the same identifier (name{group__spi_ga
0565bbebf93588bd01edaceb0aa3c439}) has been already used, duplicate ignored
<argument> ...shipout:D \box_use:N \l_shipout_box 
                                                  \__shipout_drop_firstpage_...
l.102 ... over SPI via SSI0. \end{DoxyCompactList}
                                                  \end{DoxyCompactItemize}
pdfTeX warning (ext4): destination with the same identifier (name{group__spi_ga
346792b431b9d8552719cad50963c8d2}) has been already used, duplicate ignored
<argument> ...shipout:D \box_use:N \l_shipout_box 
                                                  \__shipout_drop_firstpage_...
l.102 ... over SPI via SSI0. \end{DoxyCompactList}
                                                  \end{DoxyCompactItemize}
pdfTeX warning (ext4): destination with the same identifier (name{group__spi_ga
cfb024bc25d22090151672bd94578f02}) has been already used, duplicate ignored
<argument> ...shipout:D \box_use:N \l_shipout_box 
                                                  \__shipout_drop_firstpage_...
l.102 ... over SPI via SSI0. \end{DoxyCompactList}
                                                  \end{DoxyCompactItemize}
pdfTeX warning (ext4): destination with the same identifier (name{group__spi_ga
49a7a9f52181391f13e59dc23c562456}) has been already used, duplicate ignored
<argument> ...shipout:D \box_use:N \l_shipout_box 
                                                  \__shipout_drop_firstpage_...
l.102 ... over SPI via SSI0. \end{DoxyCompactList}
                                                  \end{DoxyCompactItemize}
pdfTeX warning (ext4): destination with the same identifier (name{group__spi_ga
dc3cc3688a7a13463d90aad4e861e525}) has been already used, duplicate ignored
<argument> ...shipout:D \box_use:N \l_shipout_box 
                                                  \__shipout_drop_firstpage_...
l.102 ... over SPI via SSI0. \end{DoxyCompactList}
                                                  \end{DoxyCompactItemize}
pdfTeX warning (ext4): destination with the same identifier (name{group__spi_ga
97f9f5cc546b1896703fe63289b4fd3d}) has been already used, duplicate ignored
<argument> ...shipout:D \box_use:N \l_shipout_box 
                                                  \__shipout_drop_firstpage_...
l.102 ... over SPI via SSI0. \end{DoxyCompactList}
                                                  \end{DoxyCompactItemize}]
LaTeX Font Info:    Font shape `T1/phv/b/n' will be
(Font)              scaled to size 7.19995pt on input line 112.

Underfull \hbox (badness 10000) in paragraph at lines 161--163

 []

[25
pdfTeX warning (ext4): destination with the same identifier (name{group__spi_ga
66c2da689e55a46d87cb2a896ebfd440}) has been already used, duplicate ignored
<argument> ...shipout:D \box_use:N \l_shipout_box 
                                                  \__shipout_drop_firstpage_...
l.171 
      ] [26]
Underfull \hbox (badness 10000) detected at line 240
[][][]
 []


Underfull \hbox (badness 10000) detected at line 245
[][][]
 []

[27]) (./group__systick.tex <./group__systick.pdf>
<group__systick.pdf, id=1293, 315.1775pt x 99.37125pt>
File: group__systick.pdf Graphic file (type pdf)
<use group__systick.pdf>
Package pdftex.def Info: group__systick.pdf  used on input line 8.
(pdftex.def)             Requested size: 314.0pt x 99.00557pt.
 [28]) (./group__timer.tex <./group__timer.pdf>
<group__timer.pdf, id=1329, 238.8925pt x 99.37125pt>
File: group__timer.pdf Graphic file (type pdf)
<use group__timer.pdf>
Package pdftex.def Info: group__timer.pdf  used on input line 8.
(pdftex.def)             Requested size: 238.0pt x 98.99951pt.
 [29]
Underfull \hbox (badness 10000) detected at line 73
[][][]
 []

[30]
Underfull \hbox (badness 10000) detected at line 141
[][][]
 []

[31]) (./group__uart.tex <./group__uart.pdf>
<group__uart.pdf, id=1404, 320.19624pt x 122.4575pt>
File: group__uart.pdf Graphic file (type pdf)
<use group__uart.pdf>
Package pdftex.def Info: group__uart.pdf  used on input line 8.
(pdftex.def)             Requested size: 319.0pt x 122.00125pt.
 [32] [33
pdfTeX warning (ext4): destination with the same identifier (name{group__uart_g
a0bdd7d3b2e41fd447c72b362bee19e2e}) has been already used, duplicate ignored
<argument> ...shipout:D \box_use:N \l_shipout_box 
                                                  \__shipout_drop_firstpage_...
l.95 I
      nitialize UART0 to a baud rate of 115200, 8-\/bit data length, 1 start...

pdfTeX warning (ext4): destination with the same identifier (name{group__uart_g
a62f1690ef2c273b5e727de8445cfa8a8}) has been already used, duplicate ignored
<argument> ...shipout:D \box_use:N \l_shipout_box 
                                                  \__shipout_drop_firstpage_...
l.95 I
      nitialize UART0 to a baud rate of 115200, 8-\/bit data length, 1 start...

pdfTeX warning (ext4): destination with the same identifier (name{group__uart_g
a2e29d5f6cf5f8d37d71f890249360b0e}) has been already used, duplicate ignored
<argument> ...shipout:D \box_use:N \l_shipout_box 
                                                  \__shipout_drop_firstpage_...
l.95 I
      nitialize UART0 to a baud rate of 115200, 8-\/bit data length, 1 start...

pdfTeX warning (ext4): destination with the same identifier (name{group__uart_g
ae848306e99ce5047fee4c920841f5f57}) has been already used, duplicate ignored
<argument> ...shipout:D \box_use:N \l_shipout_box 
                                                  \__shipout_drop_firstpage_...
l.95 I
      nitialize UART0 to a baud rate of 115200, 8-\/bit data length, 1 start...
] [34] [35]
Underfull \hbox (badness 10000) detected at line 195
[][][]
 []


Underfull \hbox (badness 10000) detected at line 200
[][][]
 []

[36] [37] [38]
Underfull \hbox (badness 10000) detected at line 335
[][][]
 []


Underfull \hbox (badness 10000) detected at line 340
[][][]
 []

[39])) (./group__app.tex <./group__app.pdf>
<group__app.pdf, id=1539, 341.275pt x 247.92625pt>
File: group__app.pdf Graphic file (type pdf)
<use group__app.pdf>
Package pdftex.def Info: group__app.pdf  used on input line 8.
(pdftex.def)             Requested size: 340.0pt x 247.01392pt.
 (./group__daq.tex <./group__daq.pdf>
<group__daq.pdf, id=1561, 341.275pt x 99.37125pt>
File: group__daq.pdf Graphic file (type pdf)
<use group__daq.pdf>
Package pdftex.def Info: group__daq.pdf  used on input line 8.
(pdftex.def)             Requested size: 340.0pt x 99.00557pt.
 [40]) (./group__debug.tex <./group__debug.pdf>
<group__debug.pdf, id=1595, 268.00125pt x 99.37125pt>
File: group__debug.pdf Graphic file (type pdf)
<use group__debug.pdf>
Package pdftex.def Info: group__debug.pdf  used on input line 8.
(pdftex.def)             Requested size: 267.0pt x 98.99951pt.
) (./group__lcd.tex <./group__lcd.pdf>
<group__lcd.pdf, id=1612, 258.9675pt x 99.37125pt>
File: group__lcd.pdf Graphic file (type pdf)
<use group__lcd.pdf>
Package pdftex.def Info: group__lcd.pdf  used on input line 8.
(pdftex.def)             Requested size: 258.0pt x 99.01012pt.
 [41] [42]
Underfull \hbox (badness 10000) in paragraph at lines 139--140
[]\T1/phv/m/n/10 References [], [], [], [], [],
 []

[43] [44] [45]
Overfull \vbox (29.53128pt too high) has occurred while \output is active []


[46]
Overfull \vbox (4.69527pt too high) has occurred while \output is active []


[47]) (./group__qrs.tex <./group__qrs.pdf>
<group__qrs.pdf, id=1770, 260.975pt x 99.37125pt>
File: group__qrs.pdf Graphic file (type pdf)
<use group__qrs.pdf>
Package pdftex.def Info: group__qrs.pdf  used on input line 8.
(pdftex.def)             Requested size: 260.0pt x 99.00102pt.
) (./group__userctrl.tex <./group__userctrl.pdf>
<group__userctrl.pdf, id=1787, 276.03125pt x 99.37125pt>
File: group__userctrl.pdf Graphic file (type pdf)
<use group__userctrl.pdf>
Package pdftex.def Info: group__userctrl.pdf  used on input line 8.
(pdftex.def)             Requested size: 275.0pt x 99.01012pt.
)) (./group__thread.tex [48]) (./group__fifo.tex [49] [50]
Underfull \hbox (badness 10000) detected at line 93
[][][]
 []


Underfull \hbox (badness 10000) detected at line 128
[][][]
 []

[51] [52]
Underfull \hbox (badness 10000) detected at line 207
[][][]
 []

) (./struct_f_i_f_o__t.tex [53]) (./struct_g_p_i_o___port__t.tex)
(./struct_l_c_d__t.tex [54]) (./struct_led__t.tex) (./_d_a_q_8c.tex
Underfull \hbox (badness 10000) in paragraph at lines 8--16

 []

[55]
Underfull \hbox (badness 10000) detected at line 38
[][][]
 []

) (./_d_a_q_8h.tex
Underfull \hbox (badness 10000) in paragraph at lines 8--15

 []


Underfull \hbox (badness 10000) detected at line 27
[][][]
 []

) (./_debug_8h.tex
Underfull \hbox (badness 10000) in paragraph at lines 8--13

 []

[56]
Underfull \hbox (badness 10000) detected at line 46
[][][]
 []

[57]) (./_l_c_d_8c.tex
Underfull \hbox (badness 10000) in paragraph at lines 8--15

 []

[58]
Underfull \hbox (badness 10000) detected at line 58
[][][]
 []

) (./_l_c_d_8h.tex
Underfull \hbox (badness 10000) in paragraph at lines 8--14

 []

[59] [60]
Underfull \hbox (badness 10000) detected at line 105
[][][]
 []

) (./_q_r_s_8h.tex
Underfull \hbox (badness 10000) in paragraph at lines 8--9

 []


Underfull \hbox (badness 10000) detected at line 14
[][][]
 []

) (./_user_ctrl_8h.tex
Underfull \hbox (badness 10000) in paragraph at lines 8--10

 []


Underfull \hbox (badness 10000) detected at line 20
[][][]
 []

[61]) (./_f_i_f_o_8c.tex
Underfull \hbox (badness 10000) in paragraph at lines 8--11

 []

[62]
Underfull \hbox (badness 10000) detected at line 58
[][][]
 []

) (./_f_i_f_o_8h.tex
Underfull \hbox (badness 10000) in paragraph at lines 8--10

 []

[63]
Underfull \hbox (badness 10000) detected at line 57
[][][]
 []

) (./lookup_8c.tex
Underfull \hbox (badness 10000) in paragraph at lines 8--10

 []


Underfull \hbox (badness 10000) detected at line 20
[][][]
 []


Underfull \hbox (badness 10000) detected at line 36
[][][]
 []

) (./lookup_8h.tex [64]
Underfull \hbox (badness 10000) in paragraph at lines 8--9

 []


Underfull \hbox (badness 10000) detected at line 25
[][][]
 []


Underfull \hbox (badness 10000) detected at line 41
[][][]
 []

) (./_a_d_c_8c.tex
Underfull \hbox (badness 10000) in paragraph at lines 8--13

 []

[65]
Underfull \hbox (badness 10000) detected at line 34
[][][]
 []

) (./_a_d_c_8h.tex
Underfull \hbox (badness 10000) in paragraph at lines 8--13

 []

[66]
Underfull \hbox (badness 10000) detected at line 29
[][][]
 []

) (./_a_d_c___new_8c.tex
Underfull \hbox (badness 10000) in paragraph at lines 8--15

 []


Underfull \hbox (badness 10000) detected at line 31
[][][]
 []

) (./_a_d_c___new_8h.tex
Underfull \hbox (badness 10000) in paragraph at lines 8--14

 []

[67]
Underfull \hbox (badness 10000) detected at line 30
[][][]
 []

) (./_g_p_i_o_8c.tex
Underfull \hbox (badness 10000) in paragraph at lines 8--11

 []

[68]
Underfull \hbox (badness 10000) detected at line 31
[][][]
 []

) (./_g_p_i_o_8h.tex
Underfull \hbox (badness 10000) in paragraph at lines 8--10

 []


Underfull \hbox (badness 10000) detected at line 47
[][][]
 []

) (./_i_l_i9341_8c.tex
Underfull \hbox (badness 10000) in paragraph at lines 8--14

 []

[69] [70]
Underfull \hbox (badness 10000) detected at line 117
[][][]
 []

) (./_i_l_i9341_8h.tex
Underfull \hbox (badness 10000) in paragraph at lines 8--13

 []

[71] [72]
Underfull \hbox (badness 10000) detected at line 70
[][][]
 []

) (./_led_8c.tex
Underfull \hbox (badness 10000) in paragraph at lines 8--13

 []

[73]
Underfull \hbox (badness 10000) detected at line 40
[][][]
 []

) (./_led_8h.tex
Underfull \hbox (badness 10000) in paragraph at lines 8--12

 []

[74]
Underfull \hbox (badness 10000) detected at line 39
[][][]
 []

) (./_p_l_l_8c.tex
Underfull \hbox (badness 10000) in paragraph at lines 8--11

 []


Underfull \hbox (badness 10000) detected at line 21
[][][]
 []

) (./_p_l_l_8h.tex
Underfull \hbox (badness 10000) in paragraph at lines 8--10

 []


Underfull \hbox (badness 10000) detected at line 20
[][][]
 []

) (./_s_p_i_8c.tex
Underfull \hbox (badness 10000) in paragraph at lines 8--13

 []

[75]
Underfull \hbox (badness 2351) in paragraph at lines 46--46
[]\T1/phv/m/sl/9 Start writ-ing data to the Tx FIFO. Should be used af-ter 1+ c
alls to [] and/or
 []


Underfull \hbox (badness 10000) detected at line 54
[][][]
 []

) (./_s_p_i_8h.tex
Underfull \hbox (badness 10000) in paragraph at lines 8--12

 []

[76]
Underfull \hbox (badness 2351) in paragraph at lines 28--28
[]\T1/phv/m/sl/9 Start writ-ing data to the Tx FIFO. Should be used af-ter 1+ c
alls to [] and/or
 []


Underfull \hbox (badness 10000) detected at line 34
[][][]
 []

) (./_s_p_i___new_8c.tex
Underfull \hbox (badness 10000) in paragraph at lines 8--14

 []


pdfTeX warning (ext4): destination with the same identifier (name{group__spi_ga
99fb83031ce9923c84392b4e92f956b5}) has been already used, duplicate ignored
<to be read again> 
                   \relax 
l.34 ...p__spi_ga99fb83031ce9923c84392b4e92f956b5}
                                                  \label{group__spi_ga99fb83...
[77]
Underfull \hbox (badness 2351) in paragraph at lines 65--65
[]\T1/phv/m/sl/9 Start writ-ing data to the Tx FIFO. Should be used af-ter 1+ c
alls to [] and/or
 []


Underfull \hbox (badness 10000) detected at line 73
[][][]
 []

) (./_s_p_i___new_8h.tex
Underfull \hbox (badness 10000) in paragraph at lines 8--13

 []

[78]
Underfull \hbox (badness 2351) in paragraph at lines 29--29
[]\T1/phv/m/sl/9 Start writ-ing data to the Tx FIFO. Should be used af-ter 1+ c
alls to [] and/or
 []


Underfull \hbox (badness 10000) detected at line 35
[][][]
 []

) (./_sys_tick_8c.tex
Underfull \hbox (badness 10000) in paragraph at lines 8--11

 []

[79]
Underfull \hbox (badness 10000) detected at line 25
[][][]
 []

) (./_sys_tick_8h.tex
Underfull \hbox (badness 10000) in paragraph at lines 8--10

 []


Underfull \hbox (badness 10000) detected at line 24
[][][]
 []

) (./_timer_8c.tex
Underfull \hbox (badness 10000) in paragraph at lines 8--11

 []

[80]
Underfull \hbox (badness 10000) detected at line 49
[][][]
 []

) (./_timer_8h.tex
Underfull \hbox (badness 10000) in paragraph at lines 8--10

 []

[81]
Underfull \hbox (badness 10000) detected at line 48
[][][]
 []

) (./_u_a_r_t_8c.tex
Underfull \hbox (badness 10000) in paragraph at lines 8--13

 []

[82]
Underfull \hbox (badness 10000) detected at line 62
[][][]
 []

) (./_u_a_r_t_8h.tex
Underfull \hbox (badness 10000) in paragraph at lines 8--10

 []

[83]
Underfull \hbox (badness 10000) detected at line 46
[][][]
 []

) (./_u_a_r_t___new_8c.tex
Underfull \hbox (badness 10000) in paragraph at lines 8--14

 []

[84] [85]
Underfull \hbox (badness 10000) detected at line 63
[][][]
 []

) (./main_8c.tex
Underfull \hbox (badness 10000) in paragraph at lines 8--15

 []


Underfull \hbox (badness 10000) detected at line 31
[][][]
 []

) [86] (./refman.ind [87


] [88]
Underfull \hbox (badness 10000) in paragraph at lines 344--346
[]| \T1/phv/m/n/10 Uni-ver-sal Asyn-chronous Re-ceiver/Transmitter
 []


Underfull \hbox (badness 10000) in paragraph at lines 347--349
[]| \T1/phv/m/n/10 Uni-ver-sal Asyn-chronous Re-ceiver/Transmitter
 []


Underfull \hbox (badness 10000) in paragraph at lines 350--352
[]| \T1/phv/m/n/10 Uni-ver-sal Asyn-chronous Re-ceiver/Transmitter
 []


Underfull \hbox (badness 10000) in paragraph at lines 353--355
[]| \T1/phv/m/n/10 Uni-ver-sal Asyn-chronous Re-ceiver/Transmitter
 []


Underfull \hbox (badness 10000) in paragraph at lines 356--358
[]| \T1/phv/m/n/10 Uni-ver-sal Asyn-chronous Re-ceiver/Transmitter
 []


Underfull \hbox (badness 10000) in paragraph at lines 359--361
[]| \T1/phv/m/n/10 Uni-ver-sal Asyn-chronous Re-ceiver/Transmitter
 []


Underfull \hbox (badness 10000) in paragraph at lines 362--364
[]| \T1/phv/m/n/10 Uni-ver-sal Asyn-chronous Re-ceiver/Transmitter
 []


Underfull \hbox (badness 10000) in paragraph at lines 365--367
[]| \T1/phv/m/n/10 Uni-ver-sal Asyn-chronous Re-ceiver/Transmitter
 []


Underfull \hbox (badness 10000) in paragraph at lines 368--370
[]| \T1/phv/m/n/10 Uni-ver-sal Asyn-chronous Re-ceiver/Transmitter
 []


Underfull \hbox (badness 10000) in paragraph at lines 371--373
[]| \T1/phv/m/n/10 Uni-ver-sal Asyn-chronous Re-ceiver/Transmitter
 []


Underfull \hbox (badness 10000) in paragraph at lines 374--376
[]| \T1/phv/m/n/10 Uni-ver-sal Asyn-chronous Re-ceiver/Transmitter
 []

[89]
Underfull \hbox (badness 10000) in paragraph at lines 377--379
[]| \T1/phv/m/n/10 Uni-ver-sal Asyn-chronous Re-ceiver/Transmitter
 []


Underfull \hbox (badness 10000) in paragraph at lines 380--382
[]| \T1/phv/m/n/10 Uni-ver-sal Asyn-chronous Re-ceiver/Transmitter
 []


Underfull \hbox (badness 10000) in paragraph at lines 383--385
[]| \T1/phv/m/n/10 Uni-ver-sal Asyn-chronous Re-ceiver/Transmitter
 []

[90

]) (./refman.aux)

LaTeX Warning: There were multiply-defined labels.

Package rerunfilecheck Info: File `refman.out' has not changed.
(rerunfilecheck)             Checksum: 6624D49C355E0DB7460B46FFAACAACA9;21882.
 ) 
Here is how much of TeX's memory you used:
 19628 strings out of 477476
 330759 string characters out of 5824244
 1894388 words of memory out of 5000000
 38611 multiletter control sequences out of 15000+600000
 563439 words of font info for 108 fonts, out of 8000000 for 9000
 319 hyphenation exceptions out of 8191
 101i,16n,117p,767b,744s stack positions out of 10000i,1000n,20000p,200000b,200000s
</usr/local/texlive/2023basic/texmf-dist/fonts/type1/public/amsfonts/cm/cmmi1
0.pfb></usr/local/texlive/2023basic/texmf-dist/fonts/type1/public/amsfonts/cm/c
mmi6.pfb></usr/local/texlive/2023basic/texmf-dist/fonts/type1/public/amsfonts/c
m/cmmi7.pfb></usr/local/texlive/2023basic/texmf-dist/fonts/type1/public/amsfont
s/cm/cmmi9.pfb></usr/local/texlive/2023basic/texmf-dist/fonts/type1/public/amsf
onts/cm/cmr10.pfb></usr/local/texlive/2023basic/texmf-dist/fonts/type1/public/a
msfonts/cm/cmr9.pfb></usr/local/texlive/2023basic/texmf-dist/fonts/type1/public
/amsfonts/cm/cmsy10.pfb></usr/local/texlive/2023basic/texmf-dist/fonts/type1/pu
blic/amsfonts/cm/cmsy7.pfb></usr/local/texlive/2023basic/texmf-dist/fonts/type1
/public/amsfonts/cm/cmsy8.pfb></usr/local/texlive/2023basic/texmf-dist/fonts/ty
pe1/public/amsfonts/cm/cmsy9.pfb></usr/local/texlive/2023basic/texmf-dist/fonts
/type1/urw/courier/ucrb8a.pfb></usr/local/texlive/2023basic/texmf-dist/fonts/ty
pe1/urw/courier/ucrr8a.pfb></usr/local/texlive/2023basic/texmf-dist/fonts/type1
/urw/courier/ucrro8a.pfb></usr/local/texlive/2023basic/texmf-dist/fonts/type1/u
rw/helvetic/uhvb8a.pfb></usr/local/texlive/2023basic/texmf-dist/fonts/type1/urw
/helvetic/uhvb8ac.pfb></usr/local/texlive/2023basic/texmf-dist/fonts/type1/urw/
helvetic/uhvr8a.pfb></usr/local/texlive/2023basic/texmf-dist/fonts/type1/urw/he
lvetic/uhvro8a.pfb>
Output written on refman.pdf (93 pages, 508572 bytes).
PDF statistics:
 2977 PDF objects out of 2984 (max. 8388607)
 2713 compressed objects within 28 object streams
 799 named destinations out of 1000 (max. 500000)
 977 words of extra memory for PDF output out of 10000 (max. 10000000)

